<?xml version="1.0" encoding="UTF-8"?>
<testsuite xmlns:xsi="http://www.w3.org/2001/XMLSchema-instance" xsi:noNamespaceSchemaLocation="https://maven.apache.org/surefire/maven-surefire-plugin/xsd/surefire-test-report.xsd" version="3.0.2" name="com.example.booking_service.BookingServiceApplicationTests" time="10.786" tests="1" errors="0" skipped="0" failures="0">
  <properties>
[...]
</properties>
  <testcase name="contextLoads" classname="com.example.booking_service.BookingServiceApplicationTests" time="0.447">
    <system-out><![CDATA[18:18:11.750 [main] INFO org.springframework.test.context.support.AnnotationConfigContextLoaderUtils -- Could not detect default configuration classes for test class [com.example.booking_service.BookingServiceApplicationTests]: BookingServiceApplicationTests does not declare any static, non-private, non-final, nested classes annotated with @Configuration.
18:18:11.897 [main] INFO org.springframework.boot.test.context.SpringBootTestContextBootstrapper -- Found @SpringBootConfiguration com.example.booking_service.BookingServiceApplication for test class com.example.booking_service.BookingServiceApplicationTests

  .   ____          _            __ _ _
 /\\ / ___'_ __ _ _(_)_ __  __ _ \ \ \ \
( ( )\___ | '_ | '_| | '_ \/ _` | \ \ \ \
 \\/  ___)| |_)| | | | | || (_| |  ) ) ) )
  '  |____| .__|_| |_|_| |_\__, | / / / /
 =========|_|==============|___/=/_/_/_/

 :: Spring Boot ::                (v3.4.4)

2025-04-16T18:18:13.335+03:00  INFO 16868 --- [booking-service] [           main] c.e.b.BookingServiceApplicationTests     : Starting BookingServiceApplicationTests using Java 21.0.5 with PID 16868 (started by i in D:\JavaProjects\booking-system\modules\booking-service)
2025-04-16T18:18:13.338+03:00  INFO 16868 --- [booking-service] [           main] c.e.b.BookingServiceApplicationTests     : No active profile set, falling back to 1 default profile: "default"
2025-04-16T18:18:13.375+03:00  INFO 16868 --- [booking-service] [           main] o.s.c.c.c.ConfigServerConfigDataLoader   : Fetching config from server at : http://localhost:8888
2025-04-16T18:18:13.375+03:00  INFO 16868 --- [booking-service] [           main] o.s.c.c.c.ConfigServerConfigDataLoader   : Located environment: name=booking-service, profiles=[default], label=null, version=null, state=null
2025-04-16T18:18:14.247+03:00  INFO 16868 --- [booking-service] [           main] .s.d.r.c.RepositoryConfigurationDelegate : Bootstrapping Spring Data JPA repositories in DEFAULT mode.
2025-04-16T18:18:14.446+03:00  INFO 16868 --- [booking-service] [           main] .s.d.r.c.RepositoryConfigurationDelegate : Finished Spring Data repository scanning in 185 ms. Found 1 JPA repository interface.
2025-04-16T18:18:15.010+03:00  INFO 16868 --- [booking-service] [           main] o.s.cloud.context.scope.GenericScope     : BeanFactory id=13f96dc0-4f21-3c29-97b7-cef92fd21d44
2025-04-16T18:18:16.043+03:00  INFO 16868 --- [booking-service] [           main] com.zaxxer.hikari.HikariDataSource       : HikariPool-1 - Starting...
2025-04-16T18:18:16.255+03:00  INFO 16868 --- [booking-service] [           main] com.zaxxer.hikari.pool.HikariPool        : HikariPool-1 - Added connection org.postgresql.jdbc.PgConnection@4dffff9
2025-04-16T18:18:16.257+03:00  INFO 16868 --- [booking-service] [           main] com.zaxxer.hikari.HikariDataSource       : HikariPool-1 - Start completed.
2025-04-16T18:18:16.290+03:00  INFO 16868 --- [booking-service] [           main] org.flywaydb.core.FlywayExecutor         : Database: jdbc:postgresql://localhost:5432/bookings2_db (PostgreSQL 16.1)
2025-04-16T18:18:16.348+03:00  INFO 16868 --- [booking-service] [           main] o.f.core.internal.command.DbValidate     : Successfully validated 0 migrations (execution time 00:00.028s)
2025-04-16T18:18:16.348+03:00  WARN 16868 --- [booking-service] [           main] o.f.core.internal.command.DbValidate     : No migrations found. Are your locations set up correctly?
2025-04-16T18:18:16.577+03:00  INFO 16868 --- [booking-service] [           main] o.f.core.internal.command.DbMigrate      : Current version of schema "public": << Empty Schema >>
2025-04-16T18:18:16.582+03:00  INFO 16868 --- [booking-service] [           main] o.f.core.internal.command.DbMigrate      : Schema "public" is up to date. No migration necessary.
2025-04-16T18:18:16.870+03:00  INFO 16868 --- [booking-service] [           main] o.hibernate.jpa.internal.util.LogHelper  : HHH000204: Processing PersistenceUnitInfo [name: default]
2025-04-16T18:18:16.963+03:00  INFO 16868 --- [booking-service] [           main] org.hibernate.Version                    : HHH000412: Hibernate ORM core version 6.6.11.Final
2025-04-16T18:18:17.009+03:00  INFO 16868 --- [booking-service] [           main] o.h.c.internal.RegionFactoryInitiator    : HHH000026: Second-level cache disabled
2025-04-16T18:18:17.339+03:00  INFO 16868 --- [booking-service] [           main] o.s.o.j.p.SpringPersistenceUnitInfo      : No LoadTimeWeaver setup: ignoring JPA class transformer
2025-04-16T18:18:17.424+03:00  INFO 16868 --- [booking-service] [           main] org.hibernate.orm.connections.pooling    : HHH10001005: Database info:
	Database JDBC URL [Connecting through datasource 'HikariDataSource (HikariPool-1)']
	Database driver: undefined/unknown
	Database version: 16.1
	Autocommit mode: undefined/unknown
	Isolation level: undefined/unknown
	Minimum pool size: undefined/unknown
	Maximum pool size: undefined/unknown
2025-04-16T18:18:18.514+03:00  INFO 16868 --- [booking-service] [           main] o.h.e.t.j.p.i.JtaPlatformInitiator       : HHH000489: No JTA platform available (set 'hibernate.transaction.jta.platform' to enable JTA platform integration)
2025-04-16T18:18:18.556+03:00  INFO 16868 --- [booking-service] [           main] j.LocalContainerEntityManagerFactoryBean : Initialized JPA EntityManagerFactory for persistence unit 'default'
2025-04-16T18:18:19.861+03:00  WARN 16868 --- [booking-service] [           main] JpaBaseConfiguration$JpaWebConfiguration : spring.jpa.open-in-view is enabled by default. Therefore, database queries may be performed during view rendering. Explicitly configure spring.jpa.open-in-view to disable this warning
2025-04-16T18:18:20.929+03:00  WARN 16868 --- [booking-service] [           main] .s.s.UserDetailsServiceAutoConfiguration : 

Using generated security password: ef181c73-45d0-4245-9bbc-1fa6ef9f8631

This generated password is for development use only. Your security configuration must be updated before running your application in production.

2025-04-16T18:18:20.968+03:00  INFO 16868 --- [booking-service] [           main] r$InitializeUserDetailsManagerConfigurer : Global AuthenticationManager configured with UserDetailsService bean with name inMemoryUserDetailsManager
2025-04-16T18:18:21.474+03:00  INFO 16868 --- [booking-service] [           main] DiscoveryClientOptionalArgsConfiguration : Eureka HTTP Client uses RestTemplate.
2025-04-16T18:18:21.637+03:00  INFO 16868 --- [booking-service] [           main] o.s.c.n.eureka.InstanceInfoFactory       : Setting initial instance status as: STARTING
2025-04-16T18:18:21.665+03:00  INFO 16868 --- [booking-service] [           main] com.netflix.discovery.DiscoveryClient    : Initializing Eureka in region us-east-1
2025-04-16T18:18:21.668+03:00  INFO 16868 --- [booking-service] [           main] c.n.d.s.r.aws.ConfigClusterResolver      : Resolving eureka endpoints via configuration
2025-04-16T18:18:21.678+03:00  INFO 16868 --- [booking-service] [           main] com.netflix.discovery.DiscoveryClient    : Disable delta property : false
2025-04-16T18:18:21.678+03:00  INFO 16868 --- [booking-service] [           main] com.netflix.discovery.DiscoveryClient    : Single vip registry refresh property : null
2025-04-16T18:18:21.678+03:00  INFO 16868 --- [booking-service] [           main] com.netflix.discovery.DiscoveryClient    : Force full registry fetch : false
2025-04-16T18:18:21.678+03:00  INFO 16868 --- [booking-service] [           main] com.netflix.discovery.DiscoveryClient    : Application is null : false
2025-04-16T18:18:21.679+03:00  INFO 16868 --- [booking-service] [           main] com.netflix.discovery.DiscoveryClient    : Registered Applications size is zero : true
2025-04-16T18:18:21.679+03:00  INFO 16868 --- [booking-service] [           main] com.netflix.discovery.DiscoveryClient    : Application version is -1: true
2025-04-16T18:18:21.679+03:00  INFO 16868 --- [booking-service] [           main] com.netflix.discovery.DiscoveryClient    : Getting all instance registry info from the eureka server
2025-04-16T18:18:21.938+03:00  INFO 16868 --- [booking-service] [           main] com.netflix.discovery.DiscoveryClient    : The response status is 200
2025-04-16T18:18:21.940+03:00  INFO 16868 --- [booking-service] [           main] com.netflix.discovery.DiscoveryClient    : Starting heartbeat executor: renew interval is: 30
2025-04-16T18:18:21.942+03:00  INFO 16868 --- [booking-service] [           main] c.n.discovery.InstanceInfoReplicator     : InstanceInfoReplicator onDemand update allowed rate per min is 4
2025-04-16T18:18:21.944+03:00  INFO 16868 --- [booking-service] [           main] com.netflix.discovery.DiscoveryClient    : Discovery Client initialized at timestamp 1744816701943 with initial instances count: 0
2025-04-16T18:18:21.949+03:00  INFO 16868 --- [booking-service] [           main] o.s.c.n.e.s.EurekaServiceRegistry        : Registering application BOOKING-SERVICE with eureka with status UP
2025-04-16T18:18:21.951+03:00  INFO 16868 --- [booking-service] [           main] com.netflix.discovery.DiscoveryClient    : Saw local status change event StatusChangeEvent [timestamp=1744816701950, current=UP, previous=STARTING]
2025-04-16T18:18:21.953+03:00  INFO 16868 --- [booking-service] [foReplicator-%d] com.netflix.discovery.DiscoveryClient    : DiscoveryClient_BOOKING-SERVICE/LAPTOP-H9DO6ET8.mshome.net:booking-service:8081: registering service...
2025-04-16T18:18:21.964+03:00  INFO 16868 --- [booking-service] [           main] c.e.b.BookingServiceApplicationTests     : Started BookingServiceApplicationTests in 9.677 seconds (process running for 11.101)
2025-04-16T18:18:21.995+03:00  INFO 16868 --- [booking-service] [foReplicator-%d] com.netflix.discovery.DiscoveryClient    : DiscoveryClient_BOOKING-SERVICE/LAPTOP-H9DO6ET8.mshome.net:booking-service:8081 - registration status: 204
]]></system-out>
    <system-err><![CDATA[квіт. 16, 2025 6:18:11 ПП org.junit.platform.launcher.core.LauncherConfigurationParameters loadClasspathResource
WARNING: Discovered 3 'junit-platform.properties' configuration files on the classpath (see below); only the first (*) will be used.
- jar:file:/C:/Users/i/.m2/repository/org/apache/kafka/kafka-clients/3.8.1/kafka-clients-3.8.1-test.jar!/junit-platform.properties (*)
- jar:file:/C:/Users/i/.m2/repository/org/apache/kafka/kafka-server-common/3.8.1/kafka-server-common-3.8.1-test.jar!/junit-platform.properties
- jar:file:/C:/Users/i/.m2/repository/org/apache/kafka/kafka_2.13/3.8.1/kafka_2.13-3.8.1-test.jar!/junit-platform.properties
квіт. 16, 2025 6:18:11 ПП org.junit.platform.launcher.core.LauncherConfigurationParameters loadClasspathResource
WARNING: Discovered 3 'junit-platform.properties' configuration files on the classpath (see below); only the first (*) will be used.
- jar:file:/C:/Users/i/.m2/repository/org/apache/kafka/kafka-clients/3.8.1/kafka-clients-3.8.1-test.jar!/junit-platform.properties (*)
- jar:file:/C:/Users/i/.m2/repository/org/apache/kafka/kafka-server-common/3.8.1/kafka-server-common-3.8.1-test.jar!/junit-platform.properties
- jar:file:/C:/Users/i/.m2/repository/org/apache/kafka/kafka_2.13/3.8.1/kafka_2.13-3.8.1-test.jar!/junit-platform.properties
квіт. 16, 2025 6:18:11 ПП org.junit.platform.launcher.core.LauncherConfigurationParameters loadClasspathResource
WARNING: Discovered 3 'junit-platform.properties' configuration files on the classpath (see below); only the first (*) will be used.
- jar:file:/C:/Users/i/.m2/repository/org/apache/kafka/kafka-clients/3.8.1/kafka-clients-3.8.1-test.jar!/junit-platform.properties (*)
- jar:file:/C:/Users/i/.m2/repository/org/apache/kafka/kafka-server-common/3.8.1/kafka-server-common-3.8.1-test.jar!/junit-platform.properties
- jar:file:/C:/Users/i/.m2/repository/org/apache/kafka/kafka_2.13/3.8.1/kafka_2.13-3.8.1-test.jar!/junit-platform.properties
квіт. 16, 2025 6:18:11 ПП org.junit.platform.launcher.core.LauncherConfigurationParameters loadClasspathResource
WARNING: Discovered 3 'junit-platform.properties' configuration files on the classpath (see below); only the first (*) will be used.
- jar:file:/C:/Users/i/.m2/repository/org/apache/kafka/kafka-clients/3.8.1/kafka-clients-3.8.1-test.jar!/junit-platform.properties (*)
- jar:file:/C:/Users/i/.m2/repository/org/apache/kafka/kafka-server-common/3.8.1/kafka-server-common-3.8.1-test.jar!/junit-platform.properties
- jar:file:/C:/Users/i/.m2/repository/org/apache/kafka/kafka_2.13/3.8.1/kafka_2.13-3.8.1-test.jar!/junit-platform.properties
Mockito is currently self-attaching to enable the inline-mock-maker. This will no longer work in future releases of the JDK. Please add Mockito as an agent to your build what is described in Mockito's documentation: https://javadoc.io/doc/org.mockito/mockito-core/latest/org/mockito/Mockito.html#0.3
WARNING: A Java agent has been loaded dynamically (C:\Users\i\.m2\repository\net\bytebuddy\byte-buddy-agent\1.15.11\byte-buddy-agent-1.15.11.jar)
WARNING: If a serviceability tool is in use, please run with -XX:+EnableDynamicAgentLoading to hide this warning
WARNING: If a serviceability tool is not in use, please run with -Djdk.instrument.traceUsage for more information
WARNING: Dynamic loading of agents will be disallowed by default in a future release
]]></system-err>
  </testcase>
</testsuite>